<?xml version="1.0" encoding="UTF-8"?>
<testng-results ignored="0" total="4" passed="4" failed="0" skipped="0">
  <reporter-output>
  </reporter-output>
  <suite started-at="2022-07-25T12:24:00 PDT" name="Regression" finished-at="2022-07-25T12:24:10 PDT" duration-ms="9583">
    <groups>
    </groups>
    <test started-at="2022-07-25T12:24:00 PDT" name="Client Test" finished-at="2022-07-25T12:24:10 PDT" duration-ms="9583">
      <class name="testCases.NewTest">
        <test-method is-config="true" signature="beforeMethod()[pri:0, instance:testCases.NewTest@491b9b8]" started-at="2022-07-25T12:24:00 PDT" name="beforeMethod" finished-at="2022-07-25T12:24:03 PDT" duration-ms="2800" status="PASS">
          <reporter-output>
          </reporter-output>
        </test-method> <!-- beforeMethod -->
        <test-method signature="f()[pri:0, instance:testCases.NewTest@491b9b8]" started-at="2022-07-25T12:24:03 PDT" name="f" finished-at="2022-07-25T12:24:03 PDT" duration-ms="123" status="PASS">
          <reporter-output>
          </reporter-output>
        </test-method> <!-- f -->
        <test-method is-config="true" signature="afterMethod()[pri:0, instance:testCases.NewTest@491b9b8]" started-at="2022-07-25T12:24:03 PDT" name="afterMethod" finished-at="2022-07-25T12:24:03 PDT" duration-ms="103" status="PASS">
          <reporter-output>
          </reporter-output>
        </test-method> <!-- afterMethod -->
        <test-method is-config="true" signature="beforeMethod()[pri:0, instance:testCases.NewTest@491b9b8]" started-at="2022-07-25T12:24:03 PDT" name="beforeMethod" finished-at="2022-07-25T12:24:05 PDT" duration-ms="1945" status="PASS">
          <reporter-output>
          </reporter-output>
        </test-method> <!-- beforeMethod -->
        <test-method signature="fe()[pri:0, instance:testCases.NewTest@491b9b8]" started-at="2022-07-25T12:24:05 PDT" name="fe" finished-at="2022-07-25T12:24:05 PDT" duration-ms="1" status="PASS">
          <reporter-output>
          </reporter-output>
        </test-method> <!-- fe -->
        <test-method is-config="true" signature="afterMethod()[pri:0, instance:testCases.NewTest@491b9b8]" started-at="2022-07-25T12:24:05 PDT" name="afterMethod" finished-at="2022-07-25T12:24:05 PDT" duration-ms="97" status="PASS">
          <reporter-output>
          </reporter-output>
        </test-method> <!-- afterMethod -->
        <test-method is-config="true" signature="beforeMethod()[pri:0, instance:testCases.NewTest@491b9b8]" started-at="2022-07-25T12:24:05 PDT" name="beforeMethod" finished-at="2022-07-25T12:24:07 PDT" duration-ms="1949" status="PASS">
          <reporter-output>
          </reporter-output>
        </test-method> <!-- beforeMethod -->
        <test-method signature="fr()[pri:0, instance:testCases.NewTest@491b9b8]" started-at="2022-07-25T12:24:07 PDT" name="fr" finished-at="2022-07-25T12:24:07 PDT" duration-ms="2" status="PASS">
          <reporter-output>
          </reporter-output>
        </test-method> <!-- fr -->
        <test-method is-config="true" signature="afterMethod()[pri:0, instance:testCases.NewTest@491b9b8]" started-at="2022-07-25T12:24:07 PDT" name="afterMethod" finished-at="2022-07-25T12:24:07 PDT" duration-ms="125" status="PASS">
          <reporter-output>
          </reporter-output>
        </test-method> <!-- afterMethod -->
        <test-method is-config="true" signature="beforeMethod()[pri:0, instance:testCases.NewTest@491b9b8]" started-at="2022-07-25T12:24:07 PDT" name="beforeMethod" finished-at="2022-07-25T12:24:10 PDT" duration-ms="2300" status="PASS">
          <reporter-output>
          </reporter-output>
        </test-method> <!-- beforeMethod -->
        <test-method signature="fw()[pri:0, instance:testCases.NewTest@491b9b8]" started-at="2022-07-25T12:24:10 PDT" name="fw" finished-at="2022-07-25T12:24:10 PDT" duration-ms="1" status="PASS">
          <reporter-output>
          </reporter-output>
        </test-method> <!-- fw -->
        <test-method is-config="true" signature="afterMethod()[pri:0, instance:testCases.NewTest@491b9b8]" started-at="2022-07-25T12:24:10 PDT" name="afterMethod" finished-at="2022-07-25T12:24:10 PDT" duration-ms="101" status="PASS">
          <reporter-output>
          </reporter-output>
        </test-method> <!-- afterMethod -->
      </class> <!-- testCases.NewTest -->
    </test> <!-- Client Test -->
  </suite> <!-- Regression -->
</testng-results>
