<?xml version="1.0" encoding="UTF-8"?>
<!-- Generated by org.testng.reporters.JUnitXMLReporter -->
<testsuite ignored="0" hostname="LAPTOP-D3E2SELF" failures="0" tests="4" name="Client Test" time="9.583" errors="0" timestamp="2022-07-25T12:24:10 PDT">
  <testcase classname="testCases.NewTest" name="f" time="0.123"/>
  <testcase classname="testCases.NewTest" name="fe" time="0.001"/>
  <testcase classname="testCases.NewTest" name="fr" time="0.002"/>
  <testcase classname="testCases.NewTest" name="fw" time="0.001"/>
</testsuite> <!-- Client Test -->
